# JRE version: Java(TM) SE Runtime Environment (8.0_101-b13) (build 1.8.0_101-b13)
# Java VM: Java HotSpot(TM) 64-Bit Server VM (25.101-b13 mixed mode windows-amd64 compressed oops)
Heap:
 PSYoungGen      total 347136K, used 175297K [0x00000000eab00000, 0x0000000100000000, 0x0000000100000000)
  eden space 345088K, 50% used [0x00000000eab00000,0x00000000f5608550,0x00000000ffc00000)
  from space 2048K, 7% used [0x00000000ffc00000,0x00000000ffc28000,0x00000000ffe00000)
  to   space 2048K, 0% used [0x00000000ffe00000,0x00000000ffe00000,0x0000000100000000)
 ParOldGen       total 326656K, used 138862K [0x00000000c0000000, 0x00000000d3f00000, 0x00000000eab00000)
  object space 326656K, 42% used [0x00000000c0000000,0x00000000c879bb80,0x00000000d3f00000)
 Metaspace       used 14661K, capacity 15000K, committed 15360K, reserved 1062912K
  class space    used 1888K, capacity 1976K, committed 2048K, reserved 1048576K
GC Heap History (10 events):
Event: 27.915 GC heap before
{Heap before GC invocations=33 (full 7):
 PSYoungGen      total 346624K, used 344576K [0x00000000eab00000, 0x0000000100000000, 0x0000000100000000)
  eden space 344576K, 100% used [0x00000000eab00000,0x00000000ffb80000,0x00000000ffb80000)
  from space 2048K, 0% used [0x00000000ffb80000,0x00000000ffb80000,0x00000000ffd80000)
  to   space 2048K, 0% used [0x00000000ffe00000,0x00000000ffe00000,0x0000000100000000)
 ParOldGen       total 241664K, used 66671K [0x00000000c0000000, 0x00000000cec00000, 0x00000000eab00000)
  object space 241664K, 27% used [0x00000000c0000000,0x00000000c411bf60,0x00000000cec00000)
 Metaspace       used 14360K, capacity 14674K, committed 15104K, reserved 1062912K
  class space    used 1887K, capacity 1975K, committed 2048K, reserved 1048576K
Event: 27.988 GC heap after
Heap after GC invocations=33 (full 7):
 PSYoungGen      total 347136K, used 160K [0x00000000eab00000, 0x0000000100000000, 0x0000000100000000)
  eden space 345088K, 0% used [0x00000000eab00000,0x00000000eab00000,0x00000000ffc00000)
  from space 2048K, 7% used [0x00000000ffe00000,0x00000000ffe28000,0x0000000100000000)
  to   space 2048K, 0% used [0x00000000ffc00000,0x00000000ffc00000,0x00000000ffe00000)
 ParOldGen       total 241664K, used 216172K [0x00000000c0000000, 0x00000000cec00000, 0x00000000eab00000)
  object space 241664K, 89% used [0x00000000c0000000,0x00000000cd31b280,0x00000000cec00000)
 Metaspace       used 14360K, capacity 14674K, committed 15104K, reserved 1062912K
  class space    used 1887K, capacity 1975K, committed 2048K, reserved 1048576K
}
Event: 27.988 GC heap before
{Heap before GC invocations=34 (full 8):
 PSYoungGen      total 347136K, used 160K [0x00000000eab00000, 0x0000000100000000, 0x0000000100000000)
  eden space 345088K, 0% used [0x00000000eab00000,0x00000000eab00000,0x00000000ffc00000)
  from space 2048K, 7% used [0x00000000ffe00000,0x00000000ffe28000,0x0000000100000000)
  to   space 2048K, 0% used [0x00000000ffc00000,0x00000000ffc00000,0x00000000ffe00000)
 ParOldGen       total 241664K, used 216172K [0x00000000c0000000, 0x00000000cec00000, 0x00000000eab00000)
  object space 241664K, 89% used [0x00000000c0000000,0x00000000cd31b280,0x00000000cec00000)
 Metaspace       used 14360K, capacity 14674K, committed 15104K, reserved 1062912K
  class space    used 1887K, capacity 1975K, committed 2048K, reserved 1048576K
Event: 28.032 GC heap after
Heap after GC invocations=34 (full 8):
 PSYoungGen      total 347136K, used 0K [0x00000000eab00000, 0x0000000100000000, 0x0000000100000000)
  eden space 345088K, 0% used [0x00000000eab00000,0x00000000eab00000,0x00000000ffc00000)
  from space 2048K, 0% used [0x00000000ffe00000,0x00000000ffe00000,0x0000000100000000)
  to   space 2048K, 0% used [0x00000000ffc00000,0x00000000ffc00000,0x00000000ffe00000)
 ParOldGen       total 326656K, used 102185K [0x00000000c0000000, 0x00000000d3f00000, 0x00000000eab00000)
  object space 326656K, 31% used [0x00000000c0000000,0x00000000c63ca710,0x00000000d3f00000)
 Metaspace       used 14360K, capacity 14674K, committed 15104K, reserved 1062912K
  class space    used 1887K, capacity 1975K, committed 2048K, reserved 1048576K
}
Event: 30.391 GC heap before
{Heap before GC invocations=35 (full 8):
 PSYoungGen      total 347136K, used 313971K [0x00000000eab00000, 0x0000000100000000, 0x0000000100000000)
  eden space 345088K, 90% used [0x00000000eab00000,0x00000000fdd9cc08,0x00000000ffc00000)
  from space 2048K, 0% used [0x00000000ffe00000,0x00000000ffe00000,0x0000000100000000)
  to   space 2048K, 0% used [0x00000000ffc00000,0x00000000ffc00000,0x00000000ffe00000)
 ParOldGen       total 326656K, used 102185K [0x00000000c0000000, 0x00000000d3f00000, 0x00000000eab00000)
  object space 326656K, 31% used [0x00000000c0000000,0x00000000c63ca710,0x00000000d3f00000)
 Metaspace       used 14374K, capacity 14674K, committed 15104K, reserved 1062912K
  class space    used 1887K, capacity 1975K, committed 2048K, reserved 1048576K
Event: 30.399 GC heap after
Heap after GC invocations=35 (full 8):
 PSYoungGen      total 347136K, used 128K [0x00000000eab00000, 0x0000000100000000, 0x0000000100000000)
  eden space 345088K, 0% used [0x00000000eab00000,0x00000000eab00000,0x00000000ffc00000)
  from space 2048K, 6% used [0x00000000ffc00000,0x00000000ffc20000,0x00000000ffe00000)
  to   space 2048K, 0% used [0x00000000ffe00000,0x00000000ffe00000,0x0000000100000000)
 ParOldGen       total 326656K, used 115525K [0x00000000c0000000, 0x00000000d3f00000, 0x00000000eab00000)
  object space 326656K, 35% used [0x00000000c0000000,0x00000000c70d1450,0x00000000d3f00000)
 Metaspace       used 14374K, capacity 14674K, committed 15104K, reserved 1062912K
  class space    used 1887K, capacity 1975K, committed 2048K, reserved 1048576K
}
Event: 33.203 GC heap before
{Heap before GC invocations=36 (full 8):
 PSYoungGen      total 347136K, used 345216K [0x00000000eab00000, 0x0000000100000000, 0x0000000100000000)
  eden space 345088K, 100% used [0x00000000eab00000,0x00000000ffc00000,0x00000000ffc00000)
  from space 2048K, 6% used [0x00000000ffc00000,0x00000000ffc20000,0x00000000ffe00000)
  to   space 2048K, 0% used [0x00000000ffe00000,0x00000000ffe00000,0x0000000100000000)
 ParOldGen       total 326656K, used 115525K [0x00000000c0000000, 0x00000000d3f00000, 0x00000000eab00000)
  object space 326656K, 35% used [0x00000000c0000000,0x00000000c70d1450,0x00000000d3f00000)
 Metaspace       used 14377K, capacity 14674K, committed 15104K, reserved 1062912K
  class space    used 1887K, capacity 1975K, committed 2048K, reserved 1048576K
Event: 33.212 GC heap after
Heap after GC invocations=36 (full 8):
 PSYoungGen      total 347136K, used 128K [0x00000000eab00000, 0x0000000100000000, 0x0000000100000000)
  eden space 345088K, 0% used [0x00000000eab00000,0x00000000eab00000,0x00000000ffc00000)
  from space 2048K, 6% used [0x00000000ffe00000,0x00000000ffe20000,0x0000000100000000)
  to   space 2048K, 0% used [0x00000000ffc00000,0x00000000ffc00000,0x00000000ffe00000)
 ParOldGen       total 326656K, used 128856K [0x00000000c0000000, 0x00000000d3f00000, 0x00000000eab00000)
  object space 326656K, 39% used [0x00000000c0000000,0x00000000c7dd6190,0x00000000d3f00000)
 Metaspace       used 14377K, capacity 14674K, committed 15104K, reserved 1062912K
  class space    used 1887K, capacity 1975K, committed 2048K, reserved 1048576K
}
Event: 36.313 GC heap before
{Heap before GC invocations=37 (full 8):
 PSYoungGen      total 347136K, used 345216K [0x00000000eab00000, 0x0000000100000000, 0x0000000100000000)
  eden space 345088K, 100% used [0x00000000eab00000,0x00000000ffc00000,0x00000000ffc00000)
  from space 2048K, 6% used [0x00000000ffe00000,0x00000000ffe20000,0x0000000100000000)
  to   space 2048K, 0% used [0x00000000ffc00000,0x00000000ffc00000,0x00000000ffe00000)
 ParOldGen       total 326656K, used 128856K [0x00000000c0000000, 0x00000000d3f00000, 0x00000000eab00000)
  object space 326656K, 39% used [0x00000000c0000000,0x00000000c7dd6190,0x00000000d3f00000)
 Metaspace       used 14393K, capacity 14738K, committed 15104K, reserved 1062912K
  class space    used 1887K, capacity 1975K, committed 2048K, reserved 1048576K
Event: 36.320 GC heap after
Heap after GC invocations=37 (full 8):
 PSYoungGen      total 347136K, used 160K [0x00000000eab00000, 0x0000000100000000, 0x0000000100000000)
  eden space 345088K, 0% used [0x00000000eab00000,0x00000000eab00000,0x00000000ffc00000)
  from space 2048K, 7% used [0x00000000ffc00000,0x00000000ffc28000,0x00000000ffe00000)
  to   space 2048K, 0% used [0x00000000ffe00000,0x00000000ffe00000,0x0000000100000000)
 ParOldGen       total 326656K, used 138862K [0x00000000c0000000, 0x00000000d3f00000, 0x00000000eab00000)
  object space 326656K, 42% used [0x00000000c0000000,0x00000000c879bb80,0x00000000d3f00000)
 Metaspace       used 14393K, capacity 14738K, committed 15104K, reserved 1062912K
  class space    used 1887K, capacity 1975K, committed 2048K, reserved 1048576K
}

