# JRE version: Java(TM) SE Runtime Environment (8.0_101-b13) (build 1.8.0_101-b13)
# Java VM: Java HotSpot(TM) 64-Bit Server VM (25.101-b13 mixed mode windows-amd64 compressed oops)
Heap:
 PSYoungGen      total 348160K, used 38235K [0x00000000eab00000, 0x0000000100000000, 0x0000000100000000)
  eden space 347136K, 11% used [0x00000000eab00000,0x00000000ed056f90,0x00000000ffe00000)
  from space 1024K, 0% used [0x00000000fff00000,0x00000000fff00000,0x0000000100000000)
  to   space 1024K, 0% used [0x00000000ffe00000,0x00000000ffe00000,0x00000000fff00000)
 ParOldGen       total 699392K, used 281099K [0x00000000c0000000, 0x00000000eab00000, 0x00000000eab00000)
  object space 699392K, 40% used [0x00000000c0000000,0x00000000d1282e78,0x00000000eab00000)
 Metaspace       used 14355K, capacity 14644K, committed 14848K, reserved 1062912K
  class space    used 1886K, capacity 1972K, committed 2048K, reserved 1048576K
GC Heap History (10 events):
Event: 120.201 GC heap before
{Heap before GC invocations=73 (full 31):
 PSYoungGen      total 348160K, used 32K [0x00000000eab00000, 0x0000000100000000, 0x0000000100000000)
  eden space 347136K, 0% used [0x00000000eab00000,0x00000000eab00000,0x00000000ffe00000)
  from space 1024K, 3% used [0x00000000fff00000,0x00000000fff08000,0x0000000100000000)
  to   space 1024K, 0% used [0x00000000ffe00000,0x00000000ffe00000,0x00000000fff00000)
 ParOldGen       total 699392K, used 281099K [0x00000000c0000000, 0x00000000eab00000, 0x00000000eab00000)
  object space 699392K, 40% used [0x00000000c0000000,0x00000000d1282e78,0x00000000eab00000)
 Metaspace       used 14254K, capacity 14580K, committed 14848K, reserved 1062912K
  class space    used 1885K, capacity 1972K, committed 2048K, reserved 1048576K
Event: 120.226 GC heap after
Heap after GC invocations=73 (full 31):
 PSYoungGen      total 348160K, used 0K [0x00000000eab00000, 0x0000000100000000, 0x0000000100000000)
  eden space 347136K, 0% used [0x00000000eab00000,0x00000000eab00000,0x00000000ffe00000)
  from space 1024K, 0% used [0x00000000fff00000,0x00000000fff00000,0x0000000100000000)
  to   space 1024K, 0% used [0x00000000ffe00000,0x00000000ffe00000,0x00000000fff00000)
 ParOldGen       total 699392K, used 281099K [0x00000000c0000000, 0x00000000eab00000, 0x00000000eab00000)
  object space 699392K, 40% used [0x00000000c0000000,0x00000000d1282e98,0x00000000eab00000)
 Metaspace       used 14254K, capacity 14580K, committed 14848K, reserved 1062912K
  class space    used 1885K, capacity 1972K, committed 2048K, reserved 1048576K
}
Event: 121.199 GC heap before
{Heap before GC invocations=74 (full 31):
 PSYoungGen      total 348160K, used 347136K [0x00000000eab00000, 0x0000000100000000, 0x0000000100000000)
  eden space 347136K, 100% used [0x00000000eab00000,0x00000000ffe00000,0x00000000ffe00000)
  from space 1024K, 0% used [0x00000000fff00000,0x00000000fff00000,0x0000000100000000)
  to   space 1024K, 0% used [0x00000000ffe00000,0x00000000ffe00000,0x00000000fff00000)
 ParOldGen       total 699392K, used 281099K [0x00000000c0000000, 0x00000000eab00000, 0x00000000eab00000)
  object space 699392K, 40% used [0x00000000c0000000,0x00000000d1282e98,0x00000000eab00000)
 Metaspace       used 14254K, capacity 14580K, committed 14848K, reserved 1062912K
  class space    used 1885K, capacity 1972K, committed 2048K, reserved 1048576K
Event: 121.201 GC heap after
Heap after GC invocations=74 (full 31):
 PSYoungGen      total 348160K, used 0K [0x00000000eab00000, 0x0000000100000000, 0x0000000100000000)
  eden space 347136K, 0% used [0x00000000eab00000,0x00000000eab00000,0x00000000ffe00000)
  from space 1024K, 0% used [0x00000000ffe00000,0x00000000ffe00000,0x00000000fff00000)
  to   space 1024K, 0% used [0x00000000fff00000,0x00000000fff00000,0x0000000100000000)
 ParOldGen       total 699392K, used 281099K [0x00000000c0000000, 0x00000000eab00000, 0x00000000eab00000)
  object space 699392K, 40% used [0x00000000c0000000,0x00000000d1282e98,0x00000000eab00000)
 Metaspace       used 14254K, capacity 14580K, committed 14848K, reserved 1062912K
  class space    used 1885K, capacity 1972K, committed 2048K, reserved 1048576K
}
Event: 121.201 GC heap before
{Heap before GC invocations=75 (full 32):
 PSYoungGen      total 348160K, used 0K [0x00000000eab00000, 0x0000000100000000, 0x0000000100000000)
  eden space 347136K, 0% used [0x00000000eab00000,0x00000000eab00000,0x00000000ffe00000)
  from space 1024K, 0% used [0x00000000ffe00000,0x00000000ffe00000,0x00000000fff00000)
  to   space 1024K, 0% used [0x00000000fff00000,0x00000000fff00000,0x0000000100000000)
 ParOldGen       total 699392K, used 281099K [0x00000000c0000000, 0x00000000eab00000, 0x00000000eab00000)
  object space 699392K, 40% used [0x00000000c0000000,0x00000000d1282e98,0x00000000eab00000)
 Metaspace       used 14254K, capacity 14580K, committed 14848K, reserved 1062912K
  class space    used 1885K, capacity 1972K, committed 2048K, reserved 1048576K
Event: 121.227 GC heap after
Heap after GC invocations=75 (full 32):
 PSYoungGen      total 348160K, used 0K [0x00000000eab00000, 0x0000000100000000, 0x0000000100000000)
  eden space 347136K, 0% used [0x00000000eab00000,0x00000000eab00000,0x00000000ffe00000)
  from space 1024K, 0% used [0x00000000ffe00000,0x00000000ffe00000,0x00000000fff00000)
  to   space 1024K, 0% used [0x00000000fff00000,0x00000000fff00000,0x0000000100000000)
 ParOldGen       total 699392K, used 281099K [0x00000000c0000000, 0x00000000eab00000, 0x00000000eab00000)
  object space 699392K, 40% used [0x00000000c0000000,0x00000000d1282e78,0x00000000eab00000)
 Metaspace       used 14254K, capacity 14580K, committed 14848K, reserved 1062912K
  class space    used 1885K, capacity 1972K, committed 2048K, reserved 1048576K
}
Event: 122.578 GC heap before
{Heap before GC invocations=76 (full 32):
 PSYoungGen      total 348160K, used 347136K [0x00000000eab00000, 0x0000000100000000, 0x0000000100000000)
  eden space 347136K, 100% used [0x00000000eab00000,0x00000000ffe00000,0x00000000ffe00000)
  from space 1024K, 0% used [0x00000000ffe00000,0x00000000ffe00000,0x00000000fff00000)
  to   space 1024K, 0% used [0x00000000fff00000,0x00000000fff00000,0x0000000100000000)
 ParOldGen       total 699392K, used 281099K [0x00000000c0000000, 0x00000000eab00000, 0x00000000eab00000)
  object space 699392K, 40% used [0x00000000c0000000,0x00000000d1282e78,0x00000000eab00000)
 Metaspace       used 14254K, capacity 14580K, committed 14848K, reserved 1062912K
  class space    used 1885K, capacity 1972K, committed 2048K, reserved 1048576K
Event: 122.582 GC heap after
Heap after GC invocations=76 (full 32):
 PSYoungGen      total 348160K, used 0K [0x00000000eab00000, 0x0000000100000000, 0x0000000100000000)
  eden space 347136K, 0% used [0x00000000eab00000,0x00000000eab00000,0x00000000ffe00000)
  from space 1024K, 0% used [0x00000000fff00000,0x00000000fff00000,0x0000000100000000)
  to   space 1024K, 0% used [0x00000000ffe00000,0x00000000ffe00000,0x00000000fff00000)
 ParOldGen       total 699392K, used 281099K [0x00000000c0000000, 0x00000000eab00000, 0x00000000eab00000)
  object space 699392K, 40% used [0x00000000c0000000,0x00000000d1282e78,0x00000000eab00000)
 Metaspace       used 14254K, capacity 14580K, committed 14848K, reserved 1062912K
  class space    used 1885K, capacity 1972K, committed 2048K, reserved 1048576K
}
Event: 122.582 GC heap before
{Heap before GC invocations=77 (full 33):
 PSYoungGen      total 348160K, used 0K [0x00000000eab00000, 0x0000000100000000, 0x0000000100000000)
  eden space 347136K, 0% used [0x00000000eab00000,0x00000000eab00000,0x00000000ffe00000)
  from space 1024K, 0% used [0x00000000fff00000,0x00000000fff00000,0x0000000100000000)
  to   space 1024K, 0% used [0x00000000ffe00000,0x00000000ffe00000,0x00000000fff00000)
 ParOldGen       total 699392K, used 281099K [0x00000000c0000000, 0x00000000eab00000, 0x00000000eab00000)
  object space 699392K, 40% used [0x00000000c0000000,0x00000000d1282e78,0x00000000eab00000)
 Metaspace       used 14254K, capacity 14580K, committed 14848K, reserved 1062912K
  class space    used 1885K, capacity 1972K, committed 2048K, reserved 1048576K
Event: 122.607 GC heap after
Heap after GC invocations=77 (full 33):
 PSYoungGen      total 348160K, used 0K [0x00000000eab00000, 0x0000000100000000, 0x0000000100000000)
  eden space 347136K, 0% used [0x00000000eab00000,0x00000000eab00000,0x00000000ffe00000)
  from space 1024K, 0% used [0x00000000fff00000,0x00000000fff00000,0x0000000100000000)
  to   space 1024K, 0% used [0x00000000ffe00000,0x00000000ffe00000,0x00000000fff00000)
 ParOldGen       total 699392K, used 281099K [0x00000000c0000000, 0x00000000eab00000, 0x00000000eab00000)
  object space 699392K, 40% used [0x00000000c0000000,0x00000000d1282e78,0x00000000eab00000)
 Metaspace       used 14254K, capacity 14580K, committed 14848K, reserved 1062912K
  class space    used 1885K, capacity 1972K, committed 2048K, reserved 1048576K
}

