# JRE version: Java(TM) SE Runtime Environment (8.0_101-b13) (build 1.8.0_101-b13)
# Java VM: Java HotSpot(TM) 64-Bit Server VM (25.101-b13 mixed mode windows-amd64 compressed oops)
Heap:
 PSYoungGen      total 348672K, used 331148K [0x00000000eab00000, 0x0000000100000000, 0x0000000100000000)
  eden space 348160K, 95% used [0x00000000eab00000,0x00000000fee63250,0x00000000fff00000)
  from space 512K, 0% used [0x00000000fff00000,0x00000000fff00000,0x00000000fff80000)
  to   space 512K, 0% used [0x00000000fff80000,0x00000000fff80000,0x0000000100000000)
 ParOldGen       total 699392K, used 653086K [0x00000000c0000000, 0x00000000eab00000, 0x00000000eab00000)
  object space 699392K, 93% used [0x00000000c0000000,0x00000000e7dc7aa0,0x00000000eab00000)
 Metaspace       used 14511K, capacity 14786K, committed 15104K, reserved 1062912K
  class space    used 1885K, capacity 1969K, committed 2048K, reserved 1048576K
GC Heap History (10 events):
Event: 297.563 GC heap before
{Heap before GC invocations=179 (full 126):
 PSYoungGen      total 348672K, used 348160K [0x00000000eab00000, 0x0000000100000000, 0x0000000100000000)
  eden space 348160K, 100% used [0x00000000eab00000,0x00000000fff00000,0x00000000fff00000)
  from space 512K, 0% used [0x00000000fff00000,0x00000000fff00000,0x00000000fff80000)
  to   space 512K, 0% used [0x00000000fff80000,0x00000000fff80000,0x0000000100000000)
 ParOldGen       total 699392K, used 653101K [0x00000000c0000000, 0x00000000eab00000, 0x00000000eab00000)
  object space 699392K, 93% used [0x00000000c0000000,0x00000000e7dcb748,0x00000000eab00000)
 Metaspace       used 14346K, capacity 14652K, committed 15104K, reserved 1062912K
  class space    used 1882K, capacity 1968K, committed 2048K, reserved 1048576K
Event: 297.650 GC heap after
Heap after GC invocations=179 (full 126):
 PSYoungGen      total 348672K, used 294762K [0x00000000eab00000, 0x0000000100000000, 0x0000000100000000)
  eden space 348160K, 84% used [0x00000000eab00000,0x00000000fcada810,0x00000000fff00000)
  from space 512K, 0% used [0x00000000fff00000,0x00000000fff00000,0x00000000fff80000)
  to   space 512K, 0% used [0x00000000fff80000,0x00000000fff80000,0x0000000100000000)
 ParOldGen       total 699392K, used 653101K [0x00000000c0000000, 0x00000000eab00000, 0x00000000eab00000)
  object space 699392K, 93% used [0x00000000c0000000,0x00000000e7dcb748,0x00000000eab00000)
 Metaspace       used 14346K, capacity 14652K, committed 15104K, reserved 1062912K
  class space    used 1882K, capacity 1968K, committed 2048K, reserved 1048576K
}
Event: 297.796 GC heap before
{Heap before GC invocations=180 (full 127):
 PSYoungGen      total 348672K, used 329423K [0x00000000eab00000, 0x0000000100000000, 0x0000000100000000)
  eden space 348160K, 94% used [0x00000000eab00000,0x00000000fecb3c68,0x00000000fff00000)
  from space 512K, 0% used [0x00000000fff00000,0x00000000fff00000,0x00000000fff80000)
  to   space 512K, 0% used [0x00000000fff80000,0x00000000fff80000,0x0000000100000000)
 ParOldGen       total 699392K, used 653101K [0x00000000c0000000, 0x00000000eab00000, 0x00000000eab00000)
  object space 699392K, 93% used [0x00000000c0000000,0x00000000e7dcb748,0x00000000eab00000)
 Metaspace       used 14346K, capacity 14652K, committed 15104K, reserved 1062912K
  class space    used 1882K, capacity 1968K, committed 2048K, reserved 1048576K
Event: 297.839 GC heap after
Heap after GC invocations=180 (full 127):
 PSYoungGen      total 348672K, used 294762K [0x00000000eab00000, 0x0000000100000000, 0x0000000100000000)
  eden space 348160K, 84% used [0x00000000eab00000,0x00000000fcada810,0x00000000fff00000)
  from space 512K, 0% used [0x00000000fff00000,0x00000000fff00000,0x00000000fff80000)
  to   space 512K, 0% used [0x00000000fff80000,0x00000000fff80000,0x0000000100000000)
 ParOldGen       total 699392K, used 653101K [0x00000000c0000000, 0x00000000eab00000, 0x00000000eab00000)
  object space 699392K, 93% used [0x00000000c0000000,0x00000000e7dcb748,0x00000000eab00000)
 Metaspace       used 14346K, capacity 14652K, committed 15104K, reserved 1062912K
  class space    used 1882K, capacity 1968K, committed 2048K, reserved 1048576K
}
Event: 297.893 GC heap before
{Heap before GC invocations=181 (full 128):
 PSYoungGen      total 348672K, used 327384K [0x00000000eab00000, 0x0000000100000000, 0x0000000100000000)
  eden space 348160K, 94% used [0x00000000eab00000,0x00000000feab60b0,0x00000000fff00000)
  from space 512K, 0% used [0x00000000fff00000,0x00000000fff00000,0x00000000fff80000)
  to   space 512K, 0% used [0x00000000fff80000,0x00000000fff80000,0x0000000100000000)
 ParOldGen       total 699392K, used 653101K [0x00000000c0000000, 0x00000000eab00000, 0x00000000eab00000)
  object space 699392K, 93% used [0x00000000c0000000,0x00000000e7dcb748,0x00000000eab00000)
 Metaspace       used 14346K, capacity 14652K, committed 15104K, reserved 1062912K
  class space    used 1882K, capacity 1968K, committed 2048K, reserved 1048576K
Event: 297.941 GC heap after
Heap after GC invocations=181 (full 128):
 PSYoungGen      total 348672K, used 279043K [0x00000000eab00000, 0x0000000100000000, 0x0000000100000000)
  eden space 348160K, 80% used [0x00000000eab00000,0x00000000fbb80ed8,0x00000000fff00000)
  from space 512K, 0% used [0x00000000fff00000,0x00000000fff00000,0x00000000fff80000)
  to   space 512K, 0% used [0x00000000fff80000,0x00000000fff80000,0x0000000100000000)
 ParOldGen       total 699392K, used 653101K [0x00000000c0000000, 0x00000000eab00000, 0x00000000eab00000)
  object space 699392K, 93% used [0x00000000c0000000,0x00000000e7dcb748,0x00000000eab00000)
 Metaspace       used 14346K, capacity 14652K, committed 15104K, reserved 1062912K
  class space    used 1882K, capacity 1968K, committed 2048K, reserved 1048576K
}
Event: 297.968 GC heap before
{Heap before GC invocations=182 (full 129):
 PSYoungGen      total 348672K, used 326554K [0x00000000eab00000, 0x0000000100000000, 0x0000000100000000)
  eden space 348160K, 93% used [0x00000000eab00000,0x00000000fe9e69a8,0x00000000fff00000)
  from space 512K, 0% used [0x00000000fff00000,0x00000000fff00000,0x00000000fff80000)
  to   space 512K, 0% used [0x00000000fff80000,0x00000000fff80000,0x0000000100000000)
 ParOldGen       total 699392K, used 653101K [0x00000000c0000000, 0x00000000eab00000, 0x00000000eab00000)
  object space 699392K, 93% used [0x00000000c0000000,0x00000000e7dcb748,0x00000000eab00000)
 Metaspace       used 14346K, capacity 14652K, committed 15104K, reserved 1062912K
  class space    used 1882K, capacity 1968K, committed 2048K, reserved 1048576K
Event: 298.049 GC heap after
Heap after GC invocations=182 (full 129):
 PSYoungGen      total 348672K, used 325544K [0x00000000eab00000, 0x0000000100000000, 0x0000000100000000)
  eden space 348160K, 93% used [0x00000000eab00000,0x00000000fe8ea360,0x00000000fff00000)
  from space 512K, 0% used [0x00000000fff00000,0x00000000fff00000,0x00000000fff80000)
  to   space 512K, 0% used [0x00000000fff80000,0x00000000fff80000,0x0000000100000000)
 ParOldGen       total 699392K, used 653101K [0x00000000c0000000, 0x00000000eab00000, 0x00000000eab00000)
  object space 699392K, 93% used [0x00000000c0000000,0x00000000e7dcb748,0x00000000eab00000)
 Metaspace       used 14346K, capacity 14652K, committed 15104K, reserved 1062912K
  class space    used 1882K, capacity 1968K, committed 2048K, reserved 1048576K
}
Event: 298.049 GC heap before
{Heap before GC invocations=183 (full 130):
 PSYoungGen      total 348672K, used 325544K [0x00000000eab00000, 0x0000000100000000, 0x0000000100000000)
  eden space 348160K, 93% used [0x00000000eab00000,0x00000000fe8ea360,0x00000000fff00000)
  from space 512K, 0% used [0x00000000fff00000,0x00000000fff00000,0x00000000fff80000)
  to   space 512K, 0% used [0x00000000fff80000,0x00000000fff80000,0x0000000100000000)
 ParOldGen       total 699392K, used 653101K [0x00000000c0000000, 0x00000000eab00000, 0x00000000eab00000)
  object space 699392K, 93% used [0x00000000c0000000,0x00000000e7dcb748,0x00000000eab00000)
 Metaspace       used 14346K, capacity 14652K, committed 15104K, reserved 1062912K
  class space    used 1882K, capacity 1968K, committed 2048K, reserved 1048576K
Event: 298.634 GC heap after
Heap after GC invocations=183 (full 130):
 PSYoungGen      total 348672K, used 325544K [0x00000000eab00000, 0x0000000100000000, 0x0000000100000000)
  eden space 348160K, 93% used [0x00000000eab00000,0x00000000fe8ea360,0x00000000fff00000)
  from space 512K, 0% used [0x00000000fff00000,0x00000000fff00000,0x00000000fff80000)
  to   space 512K, 0% used [0x00000000fff80000,0x00000000fff80000,0x0000000100000000)
 ParOldGen       total 699392K, used 653086K [0x00000000c0000000, 0x00000000eab00000, 0x00000000eab00000)
  object space 699392K, 93% used [0x00000000c0000000,0x00000000e7dc7aa0,0x00000000eab00000)
 Metaspace       used 14346K, capacity 14652K, committed 15104K, reserved 1062912K
  class space    used 1882K, capacity 1968K, committed 2048K, reserved 1048576K
}

