# JRE version: Java(TM) SE Runtime Environment (8.0_101-b13) (build 1.8.0_101-b13)
# Java VM: Java HotSpot(TM) 64-Bit Server VM (25.101-b13 mixed mode windows-amd64 compressed oops)
Heap:
 PSYoungGen      total 348672K, used 340573K [0x00000000eab00000, 0x0000000100000000, 0x0000000100000000)
  eden space 348160K, 97% used [0x00000000eab00000,0x00000000ff797488,0x00000000fff00000)
  from space 512K, 0% used [0x00000000fff80000,0x00000000fff80000,0x0000000100000000)
  to   space 512K, 0% used [0x00000000fff00000,0x00000000fff00000,0x00000000fff80000)
 ParOldGen       total 699392K, used 653078K [0x00000000c0000000, 0x00000000eab00000, 0x00000000eab00000)
  object space 699392K, 93% used [0x00000000c0000000,0x00000000e7dc5950,0x00000000eab00000)
 Metaspace       used 14725K, capacity 15042K, committed 15360K, reserved 1062912K
  class space    used 1886K, capacity 1969K, committed 2048K, reserved 1048576K
GC Heap History (10 events):
Event: 116.574 GC heap before
{Heap before GC invocations=124 (full 70):
 PSYoungGen      total 348672K, used 314557K [0x00000000eab00000, 0x0000000100000000, 0x0000000100000000)
  eden space 348160K, 90% used [0x00000000eab00000,0x00000000fde2f400,0x00000000fff00000)
  from space 512K, 0% used [0x00000000fff80000,0x00000000fff80000,0x0000000100000000)
  to   space 512K, 0% used [0x00000000fff00000,0x00000000fff00000,0x00000000fff80000)
 ParOldGen       total 699392K, used 653120K [0x00000000c0000000, 0x00000000eab00000, 0x00000000eab00000)
  object space 699392K, 93% used [0x00000000c0000000,0x00000000e7dd00c8,0x00000000eab00000)
 Metaspace       used 14329K, capacity 14652K, committed 15104K, reserved 1062912K
  class space    used 1883K, capacity 1968K, committed 2048K, reserved 1048576K
Event: 116.751 GC heap after
Heap after GC invocations=124 (full 70):
 PSYoungGen      total 348672K, used 279130K [0x00000000eab00000, 0x0000000100000000, 0x0000000100000000)
  eden space 348160K, 80% used [0x00000000eab00000,0x00000000fbb96950,0x00000000fff00000)
  from space 512K, 0% used [0x00000000fff80000,0x00000000fff80000,0x0000000100000000)
  to   space 512K, 0% used [0x00000000fff00000,0x00000000fff00000,0x00000000fff80000)
 ParOldGen       total 699392K, used 653120K [0x00000000c0000000, 0x00000000eab00000, 0x00000000eab00000)
  object space 699392K, 93% used [0x00000000c0000000,0x00000000e7dd0068,0x00000000eab00000)
 Metaspace       used 14329K, capacity 14652K, committed 15104K, reserved 1062912K
  class space    used 1883K, capacity 1968K, committed 2048K, reserved 1048576K
}
Event: 116.966 GC heap before
{Heap before GC invocations=125 (full 71):
 PSYoungGen      total 348672K, used 348160K [0x00000000eab00000, 0x0000000100000000, 0x0000000100000000)
  eden space 348160K, 100% used [0x00000000eab00000,0x00000000fff00000,0x00000000fff00000)
  from space 512K, 0% used [0x00000000fff80000,0x00000000fff80000,0x0000000100000000)
  to   space 512K, 0% used [0x00000000fff00000,0x00000000fff00000,0x00000000fff80000)
 ParOldGen       total 699392K, used 653120K [0x00000000c0000000, 0x00000000eab00000, 0x00000000eab00000)
  object space 699392K, 93% used [0x00000000c0000000,0x00000000e7dd0068,0x00000000eab00000)
 Metaspace       used 14329K, capacity 14652K, committed 15104K, reserved 1062912K
  class space    used 1883K, capacity 1968K, committed 2048K, reserved 1048576K
Event: 117.087 GC heap after
Heap after GC invocations=125 (full 71):
 PSYoungGen      total 348672K, used 325640K [0x00000000eab00000, 0x0000000100000000, 0x0000000100000000)
  eden space 348160K, 93% used [0x00000000eab00000,0x00000000fe902090,0x00000000fff00000)
  from space 512K, 0% used [0x00000000fff80000,0x00000000fff80000,0x0000000100000000)
  to   space 512K, 0% used [0x00000000fff00000,0x00000000fff00000,0x00000000fff80000)
 ParOldGen       total 699392K, used 653120K [0x00000000c0000000, 0x00000000eab00000, 0x00000000eab00000)
  object space 699392K, 93% used [0x00000000c0000000,0x00000000e7dd0068,0x00000000eab00000)
 Metaspace       used 14329K, capacity 14652K, committed 15104K, reserved 1062912K
  class space    used 1883K, capacity 1968K, committed 2048K, reserved 1048576K
}
Event: 117.288 GC heap before
{Heap before GC invocations=126 (full 72):
 PSYoungGen      total 348672K, used 348160K [0x00000000eab00000, 0x0000000100000000, 0x0000000100000000)
  eden space 348160K, 100% used [0x00000000eab00000,0x00000000fff00000,0x00000000fff00000)
  from space 512K, 0% used [0x00000000fff80000,0x00000000fff80000,0x0000000100000000)
  to   space 512K, 0% used [0x00000000fff00000,0x00000000fff00000,0x00000000fff80000)
 ParOldGen       total 699392K, used 653120K [0x00000000c0000000, 0x00000000eab00000, 0x00000000eab00000)
  object space 699392K, 93% used [0x00000000c0000000,0x00000000e7dd0068,0x00000000eab00000)
 Metaspace       used 14329K, capacity 14652K, committed 15104K, reserved 1062912K
  class space    used 1883K, capacity 1968K, committed 2048K, reserved 1048576K
Event: 117.739 GC heap after
Heap after GC invocations=126 (full 72):
 PSYoungGen      total 348672K, used 325640K [0x00000000eab00000, 0x0000000100000000, 0x0000000100000000)
  eden space 348160K, 93% used [0x00000000eab00000,0x00000000fe902090,0x00000000fff00000)
  from space 512K, 0% used [0x00000000fff80000,0x00000000fff80000,0x0000000100000000)
  to   space 512K, 0% used [0x00000000fff00000,0x00000000fff00000,0x00000000fff80000)
 ParOldGen       total 699392K, used 653093K [0x00000000c0000000, 0x00000000eab00000, 0x00000000eab00000)
  object space 699392K, 93% used [0x00000000c0000000,0x00000000e7dc95f8,0x00000000eab00000)
 Metaspace       used 14329K, capacity 14652K, committed 15104K, reserved 1062912K
  class space    used 1883K, capacity 1968K, committed 2048K, reserved 1048576K
}
Event: 117.759 GC heap before
{Heap before GC invocations=127 (full 73):
 PSYoungGen      total 348672K, used 327615K [0x00000000eab00000, 0x0000000100000000, 0x0000000100000000)
  eden space 348160K, 94% used [0x00000000eab00000,0x00000000feaefe48,0x00000000fff00000)
  from space 512K, 0% used [0x00000000fff80000,0x00000000fff80000,0x0000000100000000)
  to   space 512K, 0% used [0x00000000fff00000,0x00000000fff00000,0x00000000fff80000)
 ParOldGen       total 699392K, used 653093K [0x00000000c0000000, 0x00000000eab00000, 0x00000000eab00000)
  object space 699392K, 93% used [0x00000000c0000000,0x00000000e7dc95f8,0x00000000eab00000)
 Metaspace       used 14329K, capacity 14652K, committed 15104K, reserved 1062912K
  class space    used 1883K, capacity 1968K, committed 2048K, reserved 1048576K
Event: 117.816 GC heap after
Heap after GC invocations=127 (full 73):
 PSYoungGen      total 348672K, used 325618K [0x00000000eab00000, 0x0000000100000000, 0x0000000100000000)
  eden space 348160K, 93% used [0x00000000eab00000,0x00000000fe8fc8a0,0x00000000fff00000)
  from space 512K, 0% used [0x00000000fff80000,0x00000000fff80000,0x0000000100000000)
  to   space 512K, 0% used [0x00000000fff00000,0x00000000fff00000,0x00000000fff80000)
 ParOldGen       total 699392K, used 653093K [0x00000000c0000000, 0x00000000eab00000, 0x00000000eab00000)
  object space 699392K, 93% used [0x00000000c0000000,0x00000000e7dc95f8,0x00000000eab00000)
 Metaspace       used 14329K, capacity 14652K, committed 15104K, reserved 1062912K
  class space    used 1883K, capacity 1968K, committed 2048K, reserved 1048576K
}
Event: 117.816 GC heap before
{Heap before GC invocations=128 (full 74):
 PSYoungGen      total 348672K, used 325618K [0x00000000eab00000, 0x0000000100000000, 0x0000000100000000)
  eden space 348160K, 93% used [0x00000000eab00000,0x00000000fe8fc8a0,0x00000000fff00000)
  from space 512K, 0% used [0x00000000fff80000,0x00000000fff80000,0x0000000100000000)
  to   space 512K, 0% used [0x00000000fff00000,0x00000000fff00000,0x00000000fff80000)
 ParOldGen       total 699392K, used 653093K [0x00000000c0000000, 0x00000000eab00000, 0x00000000eab00000)
  object space 699392K, 93% used [0x00000000c0000000,0x00000000e7dc95f8,0x00000000eab00000)
 Metaspace       used 14329K, capacity 14652K, committed 15104K, reserved 1062912K
  class space    used 1883K, capacity 1968K, committed 2048K, reserved 1048576K
Event: 118.259 GC heap after
Heap after GC invocations=128 (full 74):
 PSYoungGen      total 348672K, used 325618K [0x00000000eab00000, 0x0000000100000000, 0x0000000100000000)
  eden space 348160K, 93% used [0x00000000eab00000,0x00000000fe8fc8a0,0x00000000fff00000)
  from space 512K, 0% used [0x00000000fff80000,0x00000000fff80000,0x0000000100000000)
  to   space 512K, 0% used [0x00000000fff00000,0x00000000fff00000,0x00000000fff80000)
 ParOldGen       total 699392K, used 653078K [0x00000000c0000000, 0x00000000eab00000, 0x00000000eab00000)
  object space 699392K, 93% used [0x00000000c0000000,0x00000000e7dc5950,0x00000000eab00000)
 Metaspace       used 14329K, capacity 14652K, committed 15104K, reserved 1062912K
  class space    used 1883K, capacity 1968K, committed 2048K, reserved 1048576K
}

